<?xml version="1.0" encoding="utf-8"?><testsuites name="pytest tests"><testsuite name="pytest" errors="0" failures="1" skipped="1" tests="21" time="11.061" timestamp="2026-02-05T09:05:35.819909+00:00" hostname="agent-env-2ff79e56-969f-4ee6-b99b-a77088d3c090"><testcase classname="backend.tests.test_mpesa_integration.TestMPesaConfigStatus" name="test_config_status_requires_auth" time="0.068" /><testcase classname="backend.tests.test_mpesa_integration.TestMPesaConfigStatus" name="test_config_status_requires_admin" time="0.356" /><testcase classname="backend.tests.test_mpesa_integration.TestMPesaConfigStatus" name="test_config_status_success" time="0.268" /><testcase classname="backend.tests.test_mpesa_integration.TestGenericSTKPush" name="test_stk_push_success" time="2.572" /><testcase classname="backend.tests.test_mpesa_integration.TestGenericSTKPush" name="test_stk_push_invalid_phone" time="1.997" /><testcase classname="backend.tests.test_mpesa_integration.TestGenericSTKPush" name="test_stk_push_missing_fields" time="0.054" /><testcase classname="backend.tests.test_mpesa_integration.TestOwnerSubscriptionPayment" name="test_owner_pay_subscription_requires_auth" time="0.040" /><testcase classname="backend.tests.test_mpesa_integration.TestOwnerSubscriptionPayment" name="test_owner_pay_subscription_invalid_invoice" time="0.308" /><testcase classname="backend.tests.test_mpesa_integration.TestOwnerSubscriptionPayment" name="test_owner_pay_subscription_with_valid_invoice" time="1.627" /><testcase classname="backend.tests.test_mpesa_integration.TestWiFiClientPayment" name="test_client_pay_wifi_no_auth_required" time="1.282" /><testcase classname="backend.tests.test_mpesa_integration.TestWiFiClientPayment" name="test_client_pay_wifi_invalid_package" time="0.313" /><testcase classname="backend.tests.test_mpesa_integration.TestWiFiClientPayment" name="test_client_pay_wifi_invalid_hotspot" time="0.318" /><testcase classname="backend.tests.test_mpesa_integration.TestWiFiClientPayment" name="test_client_pay_wifi_success" time="0.381" /><testcase classname="backend.tests.test_mpesa_integration.TestMPesaTransactionsList" name="test_transactions_requires_auth" time="0.030" /><testcase classname="backend.tests.test_mpesa_integration.TestMPesaTransactionsList" name="test_transactions_requires_admin" time="0.269" /><testcase classname="backend.tests.test_mpesa_integration.TestMPesaTransactionsList" name="test_transactions_success" time="0.266" /><testcase classname="backend.tests.test_mpesa_integration.TestMPesaTransactionsList" name="test_transactions_filter_by_type" time="0.261" /><testcase classname="backend.tests.test_mpesa_integration.TestPaymentStatusCheck" name="test_status_check_not_found" time="0.106"><failure message="AssertionError: Expected 200, got 521&#10;assert 521 == 200&#10; +  where 521 = &lt;Response [521]&gt;.status_code">backend/tests/test_mpesa_integration.py:526: in test_status_check_not_found
    assert response.status_code == 200, f"Expected 200, got {response.status_code}"
E   AssertionError: Expected 200, got 521
E   assert 521 == 200
E    +  where 521 = &lt;Response [521]&gt;.status_code</failure></testcase><testcase classname="backend.tests.test_mpesa_integration.TestPaymentStatusCheck" name="test_status_check_with_real_checkout" time="0.106"><skipped type="pytest.skip" message="STK Push did not return checkout_request_id">/app/backend/tests/test_mpesa_integration.py:553: STK Push did not return checkout_request_id</skipped></testcase><testcase classname="backend.tests.test_mpesa_integration.TestAdvertiserPayment" name="test_advertiser_pay_ad_requires_auth" time="0.034" /><testcase classname="backend.tests.test_mpesa_integration.TestAdvertiserPayment" name="test_advertiser_pay_ad_invalid_ad" time="0.261" /></testsuite></testsuites>