<?xml version="1.0" encoding="utf-8"?><testsuites name="pytest tests"><testsuite name="pytest" errors="0" failures="1" skipped="0" tests="18" time="3.367" timestamp="2026-02-04T20:17:36.523506+00:00" hostname="agent-env-2ff79e56-969f-4ee6-b99b-a77088d3c090"><testcase classname="backend.tests.test_package_based_ads.TestAdPackagesAPI" name="test_get_ad_packages_returns_3_packages" time="0.123" /><testcase classname="backend.tests.test_package_based_ads.TestAdPackagesAPI" name="test_small_area_package_details" time="0.042" /><testcase classname="backend.tests.test_package_based_ads.TestAdPackagesAPI" name="test_large_area_package_details" time="0.057" /><testcase classname="backend.tests.test_package_based_ads.TestAdPackagesAPI" name="test_wide_area_package_details" time="0.039" /><testcase classname="backend.tests.test_package_based_ads.TestLocationsAPI" name="test_get_counties_returns_kenya_counties" time="0.045" /><testcase classname="backend.tests.test_package_based_ads.TestLocationsAPI" name="test_get_nairobi_constituencies" time="0.046" /><testcase classname="backend.tests.test_package_based_ads.TestLocationsAPI" name="test_get_all_constituencies_without_county_filter" time="0.042" /><testcase classname="backend.tests.test_package_based_ads.TestAdvertiserAuth" name="test_advertiser_login_success" time="0.290" /><testcase classname="backend.tests.test_package_based_ads.TestAdvertiserAuth" name="test_advertiser_login_invalid_password" time="0.317" /><testcase classname="backend.tests.test_package_based_ads.TestAdminAuth" name="test_admin_login_success" time="0.282" /><testcase classname="backend.tests.test_package_based_ads.TestAdminAuth" name="test_admin_login_invalid_password" time="0.288" /><testcase classname="backend.tests.test_package_based_ads.TestAdvertiserAdsAPI" name="test_get_advertiser_ads" time="0.342" /><testcase classname="backend.tests.test_package_based_ads.TestAdvertiserAdsAPI" name="test_get_ads_requires_auth" time="0.040" /><testcase classname="backend.tests.test_package_based_ads.TestAdminAdsAPI" name="test_admin_get_all_ads" time="0.327" /><testcase classname="backend.tests.test_package_based_ads.TestAdminAdsAPI" name="test_admin_get_pending_ads" time="0.342" /><testcase classname="backend.tests.test_package_based_ads.TestAdminAdsAPI" name="test_get_pending_ads_requires_admin" time="0.406" /><testcase classname="backend.tests.test_package_based_ads.TestActiveAdsAPI" name="test_get_active_ads_public" time="0.058" /><testcase classname="backend.tests.test_package_based_ads.TestAnalyticsDashboard" name="test_get_dashboard_stats" time="0.044"><failure message="assert 403 == 200&#10; +  where 403 = &lt;Response [403]&gt;.status_code">backend/tests/test_package_based_ads.py:294: in test_get_dashboard_stats
    assert response.status_code == 200
E   assert 403 == 200
E    +  where 403 = &lt;Response [403]&gt;.status_code</failure></testcase></testsuite></testsuites>