<?xml version="1.0" encoding="utf-8"?><testsuites name="pytest tests"><testsuite name="pytest" errors="0" failures="0" skipped="0" tests="16" time="3.805" timestamp="2026-02-04T21:32:38.981117+00:00" hostname="agent-env-2ff79e56-969f-4ee6-b99b-a77088d3c090"><testcase classname="backend.tests.test_subscription_billing.TestSubscriptionBillingSystem" name="test_health_check" time="0.114" /><testcase classname="backend.tests.test_subscription_billing.TestSubscriptionBillingSystem" name="test_admin_login" time="0.267" /><testcase classname="backend.tests.test_subscription_billing.TestSubscriptionBillingSystem" name="test_owner_login" time="0.262" /><testcase classname="backend.tests.test_subscription_billing.TestSubscriptionBillingSystem" name="test_subscription_status_requires_auth" time="0.042" /><testcase classname="backend.tests.test_subscription_billing.TestSubscriptionBillingSystem" name="test_subscription_status_owner" time="0.281" /><testcase classname="backend.tests.test_subscription_billing.TestSubscriptionBillingSystem" name="test_invoices_requires_auth" time="0.079" /><testcase classname="backend.tests.test_subscription_billing.TestSubscriptionBillingSystem" name="test_invoices_owner" time="0.313" /><testcase classname="backend.tests.test_subscription_billing.TestSubscriptionBillingSystem" name="test_current_invoice_owner" time="0.277" /><testcase classname="backend.tests.test_subscription_billing.TestSubscriptionBillingSystem" name="test_admin_invoices_requires_admin" time="0.295" /><testcase classname="backend.tests.test_subscription_billing.TestSubscriptionBillingSystem" name="test_admin_get_all_invoices" time="0.283" /><testcase classname="backend.tests.test_subscription_billing.TestSubscriptionBillingSystem" name="test_admin_mark_paid_requires_admin" time="0.322" /><testcase classname="backend.tests.test_subscription_billing.TestSubscriptionBillingSystem" name="test_admin_suspend_overdue_requires_admin" time="0.282" /><testcase classname="backend.tests.test_subscription_billing.TestSubscriptionBillingSystem" name="test_start_trial_requires_owner" time="0.318" /><testcase classname="backend.tests.test_subscription_billing.TestSubscriptionBillingSystem" name="test_pay_invoice_requires_auth" time="0.035" /><testcase classname="backend.tests.test_subscription_billing.TestSubscriptionPricing" name="test_subscription_price_is_500_kes" time="0.274" /><testcase classname="backend.tests.test_subscription_billing.TestSubscriptionPricing" name="test_trial_period_is_14_days" time="0.276" /></testsuite></testsuites>