<?xml version="1.0" encoding="utf-8"?><testsuites name="pytest tests"><testsuite name="pytest" errors="0" failures="0" skipped="1" tests="21" time="4.574" timestamp="2026-02-05T09:06:33.486606+00:00" hostname="agent-env-2ff79e56-969f-4ee6-b99b-a77088d3c090"><testcase classname="backend.tests.test_mpesa_integration.TestMPesaConfigStatus" name="test_config_status_requires_auth" time="0.070" /><testcase classname="backend.tests.test_mpesa_integration.TestMPesaConfigStatus" name="test_config_status_requires_admin" time="0.274" /><testcase classname="backend.tests.test_mpesa_integration.TestMPesaConfigStatus" name="test_config_status_success" time="0.268" /><testcase classname="backend.tests.test_mpesa_integration.TestGenericSTKPush" name="test_stk_push_success" time="0.357" /><testcase classname="backend.tests.test_mpesa_integration.TestGenericSTKPush" name="test_stk_push_invalid_phone" time="0.093" /><testcase classname="backend.tests.test_mpesa_integration.TestGenericSTKPush" name="test_stk_push_missing_fields" time="0.034" /><testcase classname="backend.tests.test_mpesa_integration.TestOwnerSubscriptionPayment" name="test_owner_pay_subscription_requires_auth" time="0.035" /><testcase classname="backend.tests.test_mpesa_integration.TestOwnerSubscriptionPayment" name="test_owner_pay_subscription_invalid_invoice" time="0.268" /><testcase classname="backend.tests.test_mpesa_integration.TestOwnerSubscriptionPayment" name="test_owner_pay_subscription_with_valid_invoice" time="0.375" /><testcase classname="backend.tests.test_mpesa_integration.TestWiFiClientPayment" name="test_client_pay_wifi_no_auth_required" time="0.378" /><testcase classname="backend.tests.test_mpesa_integration.TestWiFiClientPayment" name="test_client_pay_wifi_invalid_package" time="0.281" /><testcase classname="backend.tests.test_mpesa_integration.TestWiFiClientPayment" name="test_client_pay_wifi_invalid_hotspot" time="0.371" /><testcase classname="backend.tests.test_mpesa_integration.TestWiFiClientPayment" name="test_client_pay_wifi_success" time="0.374" /><testcase classname="backend.tests.test_mpesa_integration.TestMPesaTransactionsList" name="test_transactions_requires_auth" time="0.034" /><testcase classname="backend.tests.test_mpesa_integration.TestMPesaTransactionsList" name="test_transactions_requires_admin" time="0.264" /><testcase classname="backend.tests.test_mpesa_integration.TestMPesaTransactionsList" name="test_transactions_success" time="0.263" /><testcase classname="backend.tests.test_mpesa_integration.TestMPesaTransactionsList" name="test_transactions_filter_by_type" time="0.265" /><testcase classname="backend.tests.test_mpesa_integration.TestPaymentStatusCheck" name="test_status_check_not_found" time="0.088" /><testcase classname="backend.tests.test_mpesa_integration.TestPaymentStatusCheck" name="test_status_check_with_real_checkout" time="0.091"><skipped type="pytest.skip" message="STK Push did not return checkout_request_id">/app/backend/tests/test_mpesa_integration.py:557: STK Push did not return checkout_request_id</skipped></testcase><testcase classname="backend.tests.test_mpesa_integration.TestAdvertiserPayment" name="test_advertiser_pay_ad_requires_auth" time="0.035" /><testcase classname="backend.tests.test_mpesa_integration.TestAdvertiserPayment" name="test_advertiser_pay_ad_invalid_ad" time="0.261" /></testsuite></testsuites>