<?xml version="1.0" encoding="utf-8"?><testsuites name="pytest tests"><testsuite name="pytest" errors="0" failures="0" skipped="0" tests="28" time="3.494" timestamp="2026-02-03T20:35:29.007383+00:00" hostname="agent-env-ea65fd39-4936-40a5-a19d-490b67d86dd5"><testcase classname="backend.tests.test_phase2_features.TestAdminAuth" name="test_admin_login_success" time="0.569" /><testcase classname="backend.tests.test_phase2_features.TestAdminAuth" name="test_admin_login_wrong_password" time="0.265" /><testcase classname="backend.tests.test_phase2_features.TestCampaignsAPI" name="test_get_campaigns_list" time="0.046" /><testcase classname="backend.tests.test_phase2_features.TestCampaignsAPI" name="test_create_campaign" time="0.038" /><testcase classname="backend.tests.test_phase2_features.TestCampaignsAPI" name="test_get_campaign_by_id" time="0.078" /><testcase classname="backend.tests.test_phase2_features.TestCampaignsAPI" name="test_update_campaign_status_activate" time="0.122" /><testcase classname="backend.tests.test_phase2_features.TestCampaignsAPI" name="test_update_campaign_status_pause" time="0.126" /><testcase classname="backend.tests.test_phase2_features.TestCampaignsAPI" name="test_delete_campaign" time="0.119" /><testcase classname="backend.tests.test_phase2_features.TestStreamsAPI" name="test_get_streams_list" time="0.039" /><testcase classname="backend.tests.test_phase2_features.TestStreamsAPI" name="test_create_stream" time="0.036" /><testcase classname="backend.tests.test_phase2_features.TestStreamsAPI" name="test_create_free_stream" time="0.039" /><testcase classname="backend.tests.test_phase2_features.TestStreamsAPI" name="test_get_stream_by_id" time="0.072" /><testcase classname="backend.tests.test_phase2_features.TestStreamsAPI" name="test_toggle_stream_disable" time="0.078" /><testcase classname="backend.tests.test_phase2_features.TestStreamsAPI" name="test_toggle_stream_enable" time="0.153" /><testcase classname="backend.tests.test_phase2_features.TestStreamsAPI" name="test_delete_stream" time="0.108" /><testcase classname="backend.tests.test_phase2_features.TestStreamsAPI" name="test_get_live_streams_public" time="0.039" /><testcase classname="backend.tests.test_phase2_features.TestSubsidizedUptimeAPI" name="test_get_subsidized_uptimes_list" time="0.038" /><testcase classname="backend.tests.test_phase2_features.TestSubsidizedUptimeAPI" name="test_create_subsidized_uptime" time="0.035" /><testcase classname="backend.tests.test_phase2_features.TestSubsidizedUptimeAPI" name="test_create_unlimited_subsidized_uptime" time="0.038" /><testcase classname="backend.tests.test_phase2_features.TestSubsidizedUptimeAPI" name="test_get_subsidized_uptime_by_id" time="0.116" /><testcase classname="backend.tests.test_phase2_features.TestSubsidizedUptimeAPI" name="test_update_subsidized_uptime_status_activate" time="0.080" /><testcase classname="backend.tests.test_phase2_features.TestSubsidizedUptimeAPI" name="test_update_subsidized_uptime_status_expired" time="0.119" /><testcase classname="backend.tests.test_phase2_features.TestSubsidizedUptimeAPI" name="test_delete_subsidized_uptime" time="0.152" /><testcase classname="backend.tests.test_phase2_features.TestSubsidizedUptimeAPI" name="test_get_active_subsidized_uptimes_public" time="0.034" /><testcase classname="backend.tests.test_phase2_features.TestUnauthorizedAccess" name="test_campaigns_requires_auth" time="0.036" /><testcase classname="backend.tests.test_phase2_features.TestUnauthorizedAccess" name="test_create_campaign_requires_admin" time="0.034" /><testcase classname="backend.tests.test_phase2_features.TestUnauthorizedAccess" name="test_streams_admin_only" time="0.034" /><testcase classname="backend.tests.test_phase2_features.TestUnauthorizedAccess" name="test_subsidized_uptime_admin_only" time="0.710" /></testsuite></testsuites>